<?xml version="1.0" encoding="UTF-8"?>
<testng-results skipped="0" failed="0" total="1" passed="1">
  <reporter-output>
  </reporter-output>
  <suite name="Default suite" duration-ms="157638" started-at="2015-10-31T23:28:07Z" finished-at="2015-10-31T23:30:44Z">
    <groups>
    </groups>
    <test name="Default test" duration-ms="157638" started-at="2015-10-31T23:28:07Z" finished-at="2015-10-31T23:30:44Z">
      <class name="com.lordandTaylor.testsripts.ProductScripts">
        <test-method status="PASS" signature="beforeMethod(java.lang.String)[pri:0, instance:com.lordandTaylor.testsripts.ProductScripts@689fda41]" name="beforeMethod" is-config="true" duration-ms="9839" started-at="2015-10-31T19:28:07Z" finished-at="2015-10-31T19:28:17Z">
          <params>
            <param index="0">
              <value>
                <![CDATA[ff]]>
              </value>
            </param>
          </params>
          <reporter-output>
          </reporter-output>
        </test-method> <!-- beforeMethod -->
        <test-method status="PASS" signature="setUp()[pri:0, instance:com.lordandTaylor.testsripts.ProductScripts@689fda41]" name="setUp" is-config="true" duration-ms="7206" started-at="2015-10-31T19:28:17Z" finished-at="2015-10-31T19:28:24Z">
          <reporter-output>
          </reporter-output>
        </test-method> <!-- setUp -->
        <test-method status="PASS" signature="allprductandmanue()[pri:0, instance:com.lordandTaylor.testsripts.ProductScripts@689fda41]" name="allprductandmanue" duration-ms="140312" started-at="2015-10-31T19:28:24Z" finished-at="2015-10-31T19:30:44Z">
          <reporter-output>
          </reporter-output>
        </test-method> <!-- allprductandmanue -->
        <test-method status="PASS" signature="afterMethod()[pri:0, instance:com.lordandTaylor.testsripts.ProductScripts@689fda41]" name="afterMethod" is-config="true" duration-ms="265" started-at="2015-10-31T19:30:44Z" finished-at="2015-10-31T19:30:44Z">
          <reporter-output>
          </reporter-output>
        </test-method> <!-- afterMethod -->
        <test-method status="PASS" signature="tearDown()[pri:0, instance:com.lordandTaylor.testsripts.ProductScripts@689fda41]" name="tearDown" is-config="true" duration-ms="0" started-at="2015-10-31T19:30:44Z" finished-at="2015-10-31T19:30:44Z">
          <reporter-output>
          </reporter-output>
        </test-method> <!-- tearDown -->
      </class> <!-- com.lordandTaylor.testsripts.ProductScripts -->
    </test> <!-- Default test -->
  </suite> <!-- Default suite -->
</testng-results>
